7b0ff776-79ea-4c78-b5ee-65ce45cbc7fd
parent 0f813ca4-055c-41fe-855e-6beef067cccd not ready

0f813ca4-055c-41fe-855e-6beef067cccd
sim calculated successfully

5e9727ec-23f0-4423-bae2-5e46ec053310
parent 5df3b0c1-aa3c-405d-9dcd-149f16717fdc not ready

5df3b0c1-aa3c-405d-9dcd-149f16717fdc
sim calculated successfully

a5f8aa9e-c581-4bb2-9c29-5e7217574605
parent cff04d4d-c4b0-4246-9487-999d46e19424 not ready

cff04d4d-c4b0-4246-9487-999d46e19424
sim calculated successfully

03b56cdd-e082-405c-8bfe-fa5c43586583
parent cff04d4d-c4b0-4246-9487-999d46e19424 copied to sim folder
sim calculated successfully

bd5bec16-c719-490e-80ac-2d5b360c773e
parent f38ada29-3c74-4f1c-967a-6bce48b46847 not ready

f38ada29-3c74-4f1c-967a-6bce48b46847
sim calculated successfully

6925784b-0332-4abc-aa6f-40cf74bf031d
parent 4b788225-e32f-4408-b894-4d0ceeb49f8a not ready

4b788225-e32f-4408-b894-4d0ceeb49f8a
sim calculated successfully

9fc0e405-d57a-4ad4-98c4-4528efceb486
parent 8dba5482-3555-49c0-b282-93d2593a6111 not ready

8dba5482-3555-49c0-b282-93d2593a6111
sim calculated successfully

b15ece11-ebd9-4e9a-8d98-a9f82bc9f614
parent 8fc0afd7-caeb-45db-972a-b448cd9947a1 not ready

8fc0afd7-caeb-45db-972a-b448cd9947a1
sim calculated successfully

62c163f8-99da-46ba-957a-e70c27020b6b
parent d7da24e4-333f-4a56-9f56-df673f62941d not ready

d7da24e4-333f-4a56-9f56-df673f62941d
sim calculated successfully

0b0f68b2-3e3e-419d-97f7-54ad99a36083
parent 48160764-ea9d-492f-8476-f83e06767f8d not ready

48160764-ea9d-492f-8476-f83e06767f8d
sim calculated successfully

eb342a0e-e049-462b-b68b-fc1b3810fc38
parent 48160764-ea9d-492f-8476-f83e06767f8d copied to sim folder
sim calculated successfully

3ceb03ab-ba00-4256-ad1e-5da6bacc92fd
parent 30364e47-60b2-4887-b385-c444864acbb2 not ready

30364e47-60b2-4887-b385-c444864acbb2
sim calculated successfully

6fd6b64e-990f-4523-ab09-dd6e33b7af9b
parent 94c2f995-19e1-4f87-a8a9-d10d27404039 not ready

94c2f995-19e1-4f87-a8a9-d10d27404039
sim calculated successfully

055f0c8b-d6ff-4a5c-a87a-338cfc438ac0
parent 12f5ccb0-73f8-4a88-85e9-83493fb0ed8c not ready

12f5ccb0-73f8-4a88-85e9-83493fb0ed8c
sim calculated successfully

a0895ac5-5a92-46f4-9349-30af3029fb69
parent 12f5ccb0-73f8-4a88-85e9-83493fb0ed8c copied to sim folder
sim calculated successfully

dd64c1e4-bd94-4d60-8fbd-95d14f734d4b
parent 12f5ccb0-73f8-4a88-85e9-83493fb0ed8c copied to sim folder
sim calculated successfully

d6b0855b-e9a8-4293-a442-67e1884f9e3b
parent f1f6baae-23ce-4bc0-8828-17a6f25bc8ef not ready

f1f6baae-23ce-4bc0-8828-17a6f25bc8ef
sim calculated successfully

2f122231-1898-40bc-bffd-d6082749d818
parent 16cc01e2-5001-4e05-b86d-d1b374cb1fd6 not ready

16cc01e2-5001-4e05-b86d-d1b374cb1fd6
sim calculated successfully

4f9e4686-f83d-47ea-81d3-d7cd9de26143
sim calculated successfully

ebb72232-d530-45b7-a51d-b15ed0ad6148
parent 871d5737-2f42-4b8e-a377-4752c71a3722 not ready

871d5737-2f42-4b8e-a377-4752c71a3722
sim calculated successfully

6f660abf-5fcb-423a-aa34-a3437c1a8a30
parent 871d5737-2f42-4b8e-a377-4752c71a3722 copied to sim folder
sim calculated successfully

4ab4ccfb-a021-4315-810e-5c276a42a959
parent 0fb75079-7290-479a-b13d-3fbd6e48c8b0 not ready

0fb75079-7290-479a-b13d-3fbd6e48c8b0
sim calculated successfully

75f49ede-aa84-4601-9b59-1288d79f006e
parent 0fb75079-7290-479a-b13d-3fbd6e48c8b0 copied to sim folder
sim calculated successfully

07b3b4c1-c42d-4163-bae2-8737da1e5db5
sim calculated successfully

de7fcf0b-c234-4ae8-9779-9951716af6b4
parent 0fb75079-7290-479a-b13d-3fbd6e48c8b0 copied to sim folder
sim calculated successfully

49e1faef-8409-4e42-b243-2c3157b13723
parent 0fb75079-7290-479a-b13d-3fbd6e48c8b0 copied to sim folder
sim calculated successfully

c5736f24-27ae-49fa-9fe9-68155fb26984
parent 0fb75079-7290-479a-b13d-3fbd6e48c8b0 copied to sim folder
sim calculated successfully

e5a11f82-0504-41cb-a2d3-fecdca68432b
parent 0fb75079-7290-479a-b13d-3fbd6e48c8b0 copied to sim folder
sim calculated successfully

b60bdc3e-e902-4dbd-a1c0-411261cbfc07
parent 0fb75079-7290-479a-b13d-3fbd6e48c8b0 copied to sim folder
sim calculated successfully

be52ed63-fffc-42c7-a4d6-63a470217356
parent 0fb75079-7290-479a-b13d-3fbd6e48c8b0 copied to sim folder
sim calculated successfully

faf93ab7-bd03-4c04-82c8-d4b7690a667b
parent 0fb75079-7290-479a-b13d-3fbd6e48c8b0 copied to sim folder
sim calculated successfully

ef207f5d-2033-48f1-bb05-c3cfbccde1cf
parent 0fb75079-7290-479a-b13d-3fbd6e48c8b0 copied to sim folder
sim calculated successfully

3ceb03ab-ba00-4256-ad1e-5da6bacc92fd
parent 0fb75079-7290-479a-b13d-3fbd6e48c8b0 copied to sim folder
sim calculated successfully

d0973d73-7750-4cfe-a584-61857daf6644
parent 0fb75079-7290-479a-b13d-3fbd6e48c8b0 copied to sim folder
sim calculated successfully

a6e59d23-41e5-4754-8449-d03472b3cfa3
sim calculated successfully

39f718b3-7905-4781-8b98-e89f2e674082
parent 0fb75079-7290-479a-b13d-3fbd6e48c8b0 copied to sim folder
sim calculated successfully

eda5459c-cd74-4b2a-8fc3-88560aa6e8cd
parent 0fb75079-7290-479a-b13d-3fbd6e48c8b0 copied to sim folder
sim calculated successfully

0cd74192-d0b8-483e-9bf3-7a447a778ed6
parent 0fb75079-7290-479a-b13d-3fbd6e48c8b0 copied to sim folder
sim calculated successfully

eab9169a-3e7b-4045-b265-4b58fcc0c3dd
parent 0fb75079-7290-479a-b13d-3fbd6e48c8b0 copied to sim folder
sim calculated successfully

e70ca98d-8681-4b3d-94ea-1a4cf14ca152
parent 0fb75079-7290-479a-b13d-3fbd6e48c8b0 copied to sim folder
sim calculated successfully

881e3b2d-7ac1-4f82-8ad9-d3006c7ffe01
parent 0fb75079-7290-479a-b13d-3fbd6e48c8b0 copied to sim folder
sim calculated successfully

5960fd28-8908-444c-be2a-b4a32f9aee4a
parent 0fb75079-7290-479a-b13d-3fbd6e48c8b0 copied to sim folder
sim calculated successfully

