584ef110-8e8e-4c16-880b-9525b0aa3914
sim calculated successfully

e14b5f9b-7f89-411e-90f3-485276b9ac27
sim calculated successfully

db66306c-85c0-41d1-a6c9-005db010691a
sim calculated successfully

4a08e935-3333-4b46-8ec1-96ebeb295ade
sim calculated successfully

2ed7ea85-8e61-4a0b-a4ec-309e2ed8ee9c
sim calculated successfully

e9e18808-3bd1-46c3-a560-2bd04778f935
sim calculated successfully

a81946d9-86ef-43c3-acc0-9d414b5f8b3f
sim calculated successfully

f24127a9-d5e4-4636-8029-30764a1954fb
sim calculated successfully

5b295a14-adc4-4727-b14a-05a9d461eedb
sim calculated successfully

33a5fad0-f020-49f9-810f-63aa8f072ee8
sim calculated successfully

d85f5934-7b86-4538-8a38-ccd7f0023d24
sim calculated successfully

f5ae5b91-b642-4cd5-8be5-1fc7a6441c74
sim calculated successfully

21eb1226-1d77-46b4-a278-becf46f7ef80
sim calculated successfully

5fe31a67-cf45-4a2a-9b21-7f1c921a53a3
sim calculated successfully

00ba7cdd-e844-4ef5-863d-793c29f098d6
sim calculated successfully

369ba588-166d-43d6-9eb9-944dbe465c0c
sim calculated successfully

99428dea-6c0e-499a-8df6-cd84eae8511b
sim calculated successfully

b3bae244-091b-4e06-a965-1941f9350d83
sim calculated successfully

0439fb5f-ffb2-4ac1-a289-985ef549918d
sim calculated successfully

c8c8248b-bba2-4028-adbc-15b09221a46e
sim calculated successfully

c9830aed-8126-4484-b201-a6177aa706ec
sim calculated successfully

ff830b35-6f47-4d2d-89eb-00f8497f999c
sim calculated successfully

cb212d7c-d840-4104-83e8-b13ecf127de6
sim calculated successfully

d7e4563c-88f0-4a3a-88a8-501a2bfe49b2
sim calculated successfully

45c60caa-bec9-4258-a0d6-8c3d1e99b3e7
sim calculated successfully

e00aa843-f039-4e37-9b9b-d6e3b41384ff
sim calculated successfully

8b698b77-3ab8-4789-9005-c9cf7d8a09b8
sim calculated successfully

d53d488d-aea9-4cb9-979a-d35133819780
sim calculated successfully

5e9727ec-23f0-4423-bae2-5e46ec053310
sim calculated successfully

aec0210f-554a-4350-a95e-6dba34a36b30
sim calculated successfully

69a8d959-6799-491a-b881-1ff93dd81357
sim calculated successfully

a80347c5-6028-42fd-b2fc-25e44d319c0a
sim calculated successfully

d329d9e4-47d3-4750-bce5-33a110137ec2
sim calculated successfully

4800f07e-68af-487e-9651-b2e445893a45
sim calculated successfully

8b222989-479d-42b7-83d9-bd81c5b66b5b
sim calculated successfully

5a5a8367-579a-466c-a400-3941b4c50a07
sim calculated successfully

0e9d6781-4be0-42e9-9f4e-9621f1d0d23b
sim calculated successfully

e65dc57c-45a6-40a5-a517-820f43627c9c
sim calculated successfully

9c0d4600-b4a8-4991-822c-8aa7d792732d
sim calculated successfully

51bac206-6de6-45d8-bf0d-fd2330a2ab4a
sim calculated successfully

975e6d8b-743b-4c61-8b46-c7c78fcdfb2b
sim calculated successfully

7b0ff776-79ea-4c78-b5ee-65ce45cbc7fd
sim calculated successfully

0de335d8-007e-4369-83ab-1bc4d984a7af
sim calculated successfully

e4707bdf-d807-4a70-9d4f-b13d3e0c05b8
sim calculated successfully

866d664e-a978-4b4d-9d76-ab64a13571c6
sim calculated successfully

2f122231-1898-40bc-bffd-d6082749d818
sim calculated successfully

c227b511-65bc-4065-9221-2989ba5e7973
sim calculated successfully

afff9f02-7d12-42aa-97b0-8d10a0d7122a
sim calculated successfully

d40cce16-abd5-4a11-a248-51d57c667d1e
sim calculated successfully

d7140e8a-ac44-47ad-a3cb-4eea16e1202b
sim calculated successfully

4d783154-2d54-4986-a3d7-f6de91007ab1
sim calculated successfully

6213d5f9-6d7b-45f8-85ad-eae75ed9d4c9
sim calculated successfully

f448edfe-9323-41d4-a6ea-7a8cfba28186
sim calculated successfully

9e956b3a-54ff-4117-a826-261400c071bc
sim calculated successfully

62c163f8-99da-46ba-957a-e70c27020b6b
sim calculated successfully

f08a245d-91e9-4e90-9fb5-d9ab551db171
sim calculated successfully

63a59b05-bd87-457b-9cec-bc8a81513e08
sim calculated successfully

659c33d5-363a-41fc-a1ce-b43f0ffe6fb1
sim calculated successfully

8b9a5e15-d113-4c83-92b3-dd76eada1c7c
sim calculated successfully

26aa16bb-b431-466e-aa1f-52401a968cb6
sim calculated successfully

60a6486e-58f2-480f-bf0b-a368e89117a0
sim calculated successfully

7ad70afd-b925-49b4-903f-c0754267755d
sim calculated successfully

f35a066e-a182-42a7-87bf-b556f3b14b32
sim calculated successfully

f0b37d75-f498-4397-922f-871bfe6840e3
sim calculated successfully

ae80546b-b809-46e9-9657-6d569bfd8e79
sim calculated successfully

d6b0855b-e9a8-4293-a442-67e1884f9e3b
sim calculated successfully

d2eae276-d7cd-46ae-b2fa-d9ac020aaf6a
sim calculated successfully

e2aa76a1-2011-49eb-9fe9-dc37212eef68
sim calculated successfully

6f36ffb7-a6ac-43f3-882b-f450cc7be397
sim calculated successfully

40a187fc-7758-4aae-9446-ed7c0e9a1b2a
sim calculated successfully

05af2ea3-b902-4f96-842c-74b87c043328
sim calculated successfully

7543f229-13f9-4076-ac44-7d62bc9575b2
Incomplete simulation: moved to orphan directory

7c57f930-2901-49d6-8eff-cde8087795d3
sim calculated successfully

639ca915-a9a9-4d6a-887a-8035fdc8dae2
sim calculated successfully

ffb93eb5-c46f-43d0-aa58-90cd64059c0a
sim calculated successfully

23d1ffae-0e2a-4459-9f29-e602d86029e6
sim calculated successfully

d20d4b99-7690-4b81-a233-be42338ffd73
sim calculated successfully

d9264a94-0de0-4edc-a98a-9c29809d2472
sim calculated successfully

a740ce3d-1c05-4450-9a3f-eeb3dfa8c8d1
sim calculated successfully

7dbe13fc-65b1-489b-8156-36d99d50e214
sim calculated successfully

957bc38b-54f5-4446-835b-5d9b3e1df7b0
sim calculated successfully

e9779f66-17c8-4afc-9b7d-f411edd97abb
sim calculated successfully

1c880810-b07d-4aeb-9bd8-67281a50a125
sim calculated successfully

75781274-5348-42cf-a566-0d69951b842b
sim calculated successfully

51220b0c-6f2f-4f5e-aa2d-398df682b954
sim calculated successfully

1cd2f0a7-cf40-4634-9d0c-5365874678d5
sim calculated successfully

e5e42899-43ef-48b3-9526-02582d9bc11a
sim calculated successfully

792638af-98a3-4dee-9aeb-48be8bb8755b
sim calculated successfully

d3b47e04-51fb-4ed6-bfe3-e7b2a18db95e
sim calculated successfully

b07bf689-ba51-4895-939d-25a4f89c7c65
sim calculated successfully

5b7cc729-bc3e-4e9c-a30c-e5052650770c
sim calculated successfully

406e5b17-20c5-419a-8b93-8258aab90504
sim calculated successfully

05feaf24-263a-4c6b-b74e-a5cf8425a9e9
sim calculated successfully

9e0bb31a-97a9-4396-903a-a3937d71083b
sim calculated successfully

4962691a-790d-41f9-ad74-3603d7a82c77
sim calculated successfully

23393534-8f1d-4336-b55a-e0452e1d8ece
sim calculated successfully

b3a24886-ca7a-4438-916a-b117aa7e515e
sim calculated successfully

a5f8aa9e-c581-4bb2-9c29-5e7217574605
sim calculated successfully

71a88b07-2b15-40ba-8686-10d377fae012
sim calculated successfully

252f240d-102c-4a59-aa18-6e8797f1acc4
sim calculated successfully

5d2adcf6-326e-429e-b7c7-eb3efebb65bf
sim calculated successfully

2464e87f-02c2-4d03-ae17-1212eb514feb
sim calculated successfully

f150dc9b-78bc-4d9e-885d-d9d50b0ef1b1
sim calculated successfully

e919fd76-4982-4d48-b00b-50d37fd6bc9e
sim calculated successfully

77ad4418-33f2-4923-8346-5c666af32404
sim calculated successfully

e21b6b03-492f-4e53-9d75-38a5a1683998
sim calculated successfully

9090fc8f-1c39-4d45-b82d-37673330ad9b
sim calculated successfully

5d6a7f72-33e8-4894-950e-52338afed9fd
sim calculated successfully

daa3b3d2-fd09-4852-97f2-17ebe8be4794
sim calculated successfully

2f070e63-20cd-4872-b84d-df076dbfadc2
sim calculated successfully

c201245c-34fd-4b4d-b0cd-4b774c04e61e
sim calculated successfully

