ec0fec1a-6226-424d-b471-aaf726fbc207
parent 46045048-869b-42f2-9b6f-13263c20e3b9 not ready

46045048-869b-42f2-9b6f-13263c20e3b9
sim calculated successfully

25d918c6-3801-4fba-af40-9fd0c03dcf7b
sim calculated successfully

e5a11f82-0504-41cb-a2d3-fecdca68432b
parent 306f585e-4a02-4849-83f7-41724e2ab4d1 not ready

306f585e-4a02-4849-83f7-41724e2ab4d1
sim calculated successfully

2a3eb445-d0ce-4060-bb34-1ab8522a7f81
parent 6cb62b8b-65ba-42b1-b20c-8a5d51137607 not ready

6cb62b8b-65ba-42b1-b20c-8a5d51137607
sim calculated successfully

a740ce3d-1c05-4450-9a3f-eeb3dfa8c8d1
parent 589f0ec0-77ce-4fb8-80a3-d68837b70fd9 not ready

589f0ec0-77ce-4fb8-80a3-d68837b70fd9
sim calculated successfully

a581069b-b81d-473f-b90a-41446d67e880
parent 825513ed-1401-42d2-87c5-659cd0d35149 not ready

825513ed-1401-42d2-87c5-659cd0d35149
sim calculated successfully

a80347c5-6028-42fd-b2fc-25e44d319c0a
parent 092f71fe-4036-4f98-9eb0-0f856f82ce64 not ready

092f71fe-4036-4f98-9eb0-0f856f82ce64
sim calculated successfully

185f5398-3389-4b18-8e93-2e4de7c65907
parent 77968d70-bb9c-48dc-b655-37bb724598be not ready

77968d70-bb9c-48dc-b655-37bb724598be
sim calculated successfully

f08d3cfa-8a78-48f1-9261-1571e67ea90e
parent 77968d70-bb9c-48dc-b655-37bb724598be copied to sim folder
sim calculated successfully

2978cfae-7714-4709-9c89-8d00e8d165ba
parent 77968d70-bb9c-48dc-b655-37bb724598be copied to sim folder
sim calculated successfully

de69004f-9953-48eb-991e-a21f088dc0bf
parent 77968d70-bb9c-48dc-b655-37bb724598be copied to sim folder
sim calculated successfully

eab9169a-3e7b-4045-b265-4b58fcc0c3dd
parent b17f1d48-87ee-469b-aa99-0b84ceff803b not ready

b17f1d48-87ee-469b-aa99-0b84ceff803b
sim calculated successfully

78d7f061-2db2-43d1-ba96-b17e218c5bfa
parent b17f1d48-87ee-469b-aa99-0b84ceff803b copied to sim folder
sim calculated successfully

9aa9da6e-5bf3-44f0-8afd-8d8e7b510023
parent b17f1d48-87ee-469b-aa99-0b84ceff803b copied to sim folder
sim calculated successfully

5fe31a67-cf45-4a2a-9b21-7f1c921a53a3
parent 39d2c0d8-4068-4655-84d9-df556ae3fd73 not ready

39d2c0d8-4068-4655-84d9-df556ae3fd73
sim calculated successfully

b702cf91-9cf7-4cb5-9ca1-ad8a4674002b
parent 39d2c0d8-4068-4655-84d9-df556ae3fd73 copied to sim folder
sim calculated successfully

724036a0-eca8-4afc-a41f-9399ffb8b720
parent 39d2c0d8-4068-4655-84d9-df556ae3fd73 copied to sim folder
sim calculated successfully

57206dbc-17a7-49a4-acc2-33b83a0dfcf1
sim calculated successfully

c5edb752-d97e-4ca0-b524-25a3755a54e9
parent 39d2c0d8-4068-4655-84d9-df556ae3fd73 copied to sim folder
sim calculated successfully

4a1b94b1-3817-493f-b44e-c348c486bc33
sim calculated successfully

84e5df81-4bf0-43e3-b574-bcc0ac0955ec
parent ed8f240c-439b-4c94-bcfd-d3abad37144b not ready

ed8f240c-439b-4c94-bcfd-d3abad37144b
sim calculated successfully

a581069b-b81d-473f-b90a-41446d67e880
parent ed8f240c-439b-4c94-bcfd-d3abad37144b copied to sim folder
sim calculated successfully

e112e928-96e1-4998-9705-25b85ae1d36b
parent ed8f240c-439b-4c94-bcfd-d3abad37144b copied to sim folder
sim calculated successfully

dd23391a-8866-487c-a917-e1938975d419
parent 69f62abd-f851-4791-b1d6-379ab2815436 not ready

69f62abd-f851-4791-b1d6-379ab2815436
sim calculated successfully

d3e3cd2f-c17d-4ab3-9114-15ccf38681e7
parent 69f62abd-f851-4791-b1d6-379ab2815436 copied to sim folder
sim calculated successfully

0b1b13d4-558c-4d67-aeda-1d274dc6f6d3
parent 69f62abd-f851-4791-b1d6-379ab2815436 copied to sim folder
sim calculated successfully

bdda5d1b-7d71-456e-844d-5d0e9d6a416a
parent 69f62abd-f851-4791-b1d6-379ab2815436 copied to sim folder
sim calculated successfully

d5bebe58-f6ed-4297-a5d0-efb8e5d3c21a
parent 69f62abd-f851-4791-b1d6-379ab2815436 copied to sim folder
sim calculated successfully

46dc4a5a-b3ab-4224-bcac-4b76e4936949
parent 69f62abd-f851-4791-b1d6-379ab2815436 copied to sim folder
sim calculated successfully

59dbf26c-3f45-4120-be69-2b4cbcc17b79
parent 69f62abd-f851-4791-b1d6-379ab2815436 copied to sim folder
sim calculated successfully

0aa5368a-2d53-4ec5-ae01-de7be8c05997
sim calculated successfully

cb2d6218-c276-40c2-ac28-088650c76d8c
parent 69f62abd-f851-4791-b1d6-379ab2815436 copied to sim folder
sim calculated successfully

37fcf313-68b4-4164-9098-cd01a0609e92
sim calculated successfully

2a3eb445-d0ce-4060-bb34-1ab8522a7f81
parent 69f62abd-f851-4791-b1d6-379ab2815436 copied to sim folder
sim calculated successfully

ac2a109b-5acb-4668-adf2-be026d2958cd
parent 69f62abd-f851-4791-b1d6-379ab2815436 copied to sim folder
sim calculated successfully

71728210-efbd-4bdf-9832-c33bdb95c156
parent 69f62abd-f851-4791-b1d6-379ab2815436 copied to sim folder
sim calculated successfully

5f0e5e17-7010-4c0e-a6f6-fd05cdd90fe3
parent 69f62abd-f851-4791-b1d6-379ab2815436 copied to sim folder
sim calculated successfully

21f8fef5-e75d-4954-9778-cbe366c8ba21
sim calculated successfully

a42e1296-1a24-4a09-9ace-62d5f6fcb148
parent 060eeac7-d8c6-4a1f-aae3-4923a0146d8f not ready

060eeac7-d8c6-4a1f-aae3-4923a0146d8f
sim calculated successfully

f3822fd1-2607-4316-bca3-176e124365a7
parent 060eeac7-d8c6-4a1f-aae3-4923a0146d8f copied to sim folder
sim calculated successfully

27a453a7-36ea-46ea-91ed-ee8a98ca480b
parent 060eeac7-d8c6-4a1f-aae3-4923a0146d8f copied to sim folder
sim calculated successfully

2862642d-ee14-4afe-b69b-6e75ad0af296
parent 060eeac7-d8c6-4a1f-aae3-4923a0146d8f copied to sim folder
sim calculated successfully

392a79e8-c51c-489e-83e5-19915d4b9a66
parent 060eeac7-d8c6-4a1f-aae3-4923a0146d8f copied to sim folder
sim calculated successfully

f566b678-fabf-47eb-bfeb-05e9753843fa
parent 060eeac7-d8c6-4a1f-aae3-4923a0146d8f copied to sim folder
sim calculated successfully

9089d7c8-8bc0-4718-aaae-ad03142b7fdd
parent b04e633c-3cab-4c3e-99c2-8e9d57f59f98 not ready

b04e633c-3cab-4c3e-99c2-8e9d57f59f98
sim calculated successfully

e4c21847-647f-41e1-8b11-2ec331f52fc2
parent b04e633c-3cab-4c3e-99c2-8e9d57f59f98 copied to sim folder
sim calculated successfully

5960fd28-8908-444c-be2a-b4a32f9aee4a
Incomplete simulation: moved to orphan directory

551e9753-315c-4621-9a70-807e5966a574
parent b04e633c-3cab-4c3e-99c2-8e9d57f59f98 copied to sim folder
sim calculated successfully

64bb02a3-3c4d-4214-9e68-7340e72ee706
parent b04e633c-3cab-4c3e-99c2-8e9d57f59f98 copied to sim folder
sim calculated successfully

7d699bf9-c156-42fc-a34b-1a3ca18ae23f
parent ce33e317-df32-496b-a7fc-0b90d65b2844 not ready

ce33e317-df32-496b-a7fc-0b90d65b2844
sim calculated successfully

2cd00b2e-3a51-4d6c-abc7-5d214f843184
sim calculated successfully

9089d7c8-8bc0-4718-aaae-ad03142b7fdd
parent ce33e317-df32-496b-a7fc-0b90d65b2844 copied to sim folder
sim calculated successfully

832b6399-b15c-497a-ac4e-92e34007fb0c
parent ce33e317-df32-496b-a7fc-0b90d65b2844 copied to sim folder
sim calculated successfully

2d2a5eee-f69f-470e-babc-6614898d3f78
sim calculated successfully

92b739b0-450a-4a08-81e6-1c5162804790
parent ce33e317-df32-496b-a7fc-0b90d65b2844 copied to sim folder
sim calculated successfully

15566776-a5ed-4332-8aa9-a4ae122a75c2
parent ce33e317-df32-496b-a7fc-0b90d65b2844 copied to sim folder
sim calculated successfully

6fc01e30-16b2-4421-bf2c-b46316a06c92
parent ce33e317-df32-496b-a7fc-0b90d65b2844 copied to sim folder
sim calculated successfully

00c9428a-edd8-43e7-859a-55176085188d
parent ce33e317-df32-496b-a7fc-0b90d65b2844 copied to sim folder
sim calculated successfully

6aa47e39-c78b-44c9-8a7c-1aae1ec6cd25
parent ce33e317-df32-496b-a7fc-0b90d65b2844 copied to sim folder
sim calculated successfully

b162610c-b06d-409f-915d-47ba6322d959
parent ce33e317-df32-496b-a7fc-0b90d65b2844 copied to sim folder
sim calculated successfully

7fa72ab0-f473-4b50-93d9-3294272acd3b
parent ce33e317-df32-496b-a7fc-0b90d65b2844 copied to sim folder
sim calculated successfully

dc60cf7f-a7fc-449f-a0ec-e0712bc88d3e
sim calculated successfully

d1540f4e-295b-4b56-9154-2bd4bb1f820a
parent ce33e317-df32-496b-a7fc-0b90d65b2844 copied to sim folder
sim calculated successfully

b81b9769-0e46-4113-add3-89a363977050
parent ce33e317-df32-496b-a7fc-0b90d65b2844 copied to sim folder
sim calculated successfully

b72ca9c8-9611-4590-bf91-da0b2dca0c0d
parent ce33e317-df32-496b-a7fc-0b90d65b2844 copied to sim folder
sim calculated successfully

d5a28100-9dc8-41b1-9635-69fea00cc4f8
parent ce33e317-df32-496b-a7fc-0b90d65b2844 copied to sim folder
sim calculated successfully

380aba6c-a15e-4c9c-90e8-676d69cb8f3a
parent ce33e317-df32-496b-a7fc-0b90d65b2844 copied to sim folder
sim calculated successfully

78d65452-c9b1-4d97-b92a-ac4cd032e49f
parent ce33e317-df32-496b-a7fc-0b90d65b2844 copied to sim folder
sim calculated successfully

4ea07630-61a4-41f6-8b5e-87020a907eaa
parent ce33e317-df32-496b-a7fc-0b90d65b2844 copied to sim folder
sim calculated successfully

a711556a-ef71-4d78-b297-37039095a4bc
parent ce33e317-df32-496b-a7fc-0b90d65b2844 copied to sim folder
sim calculated successfully

468fefcc-33a7-42da-8cfd-bf2c5a3ba4e3
parent ce33e317-df32-496b-a7fc-0b90d65b2844 copied to sim folder
sim calculated successfully

1dd1d5b8-0530-4964-bb97-1bffcedd75d1
parent ce33e317-df32-496b-a7fc-0b90d65b2844 copied to sim folder
sim calculated successfully

d44ada85-9cd2-4719-9492-bfa7659934a5
parent ce33e317-df32-496b-a7fc-0b90d65b2844 copied to sim folder
sim calculated successfully

52c9eb3d-ce81-42e9-85b3-3e9d129b0371
parent ce33e317-df32-496b-a7fc-0b90d65b2844 copied to sim folder
sim calculated successfully

ebb72232-d530-45b7-a51d-b15ed0ad6148
parent ce33e317-df32-496b-a7fc-0b90d65b2844 copied to sim folder
sim calculated successfully

f113cb9f-1cdc-405b-a4da-43cb1069237e
parent ce33e317-df32-496b-a7fc-0b90d65b2844 copied to sim folder
sim calculated successfully

4a47669c-ac17-47de-967d-c23e9a9ba083
parent ce33e317-df32-496b-a7fc-0b90d65b2844 copied to sim folder
sim calculated successfully

f9f39d05-8417-4f96-957c-20ca94fc3354
parent ce33e317-df32-496b-a7fc-0b90d65b2844 copied to sim folder
sim calculated successfully

2803c5cf-d10a-484f-9082-656fbe517953
parent ce33e317-df32-496b-a7fc-0b90d65b2844 copied to sim folder
sim calculated successfully

9648ab14-7c3b-4674-8991-ef05820b21dd
parent ce33e317-df32-496b-a7fc-0b90d65b2844 copied to sim folder
sim calculated successfully

9bfc8800-e4c7-4953-a408-ac176ae0488b
sim calculated successfully

5b273e77-a832-4a79-95fc-5d72235bec67
parent ce33e317-df32-496b-a7fc-0b90d65b2844 copied to sim folder
sim calculated successfully

d9b43a7f-67c1-426c-9404-da29c329ece0
parent ce33e317-df32-496b-a7fc-0b90d65b2844 copied to sim folder
sim calculated successfully

3c1ce986-2353-4b7c-bf68-af651c8bbd1a
parent ce33e317-df32-496b-a7fc-0b90d65b2844 copied to sim folder
sim calculated successfully

7d699bf9-c156-42fc-a34b-1a3ca18ae23f
parent ce33e317-df32-496b-a7fc-0b90d65b2844 copied to sim folder
sim calculated successfully

c9269a73-f9a0-4f64-b952-5d97cb2dc6ac
parent ce33e317-df32-496b-a7fc-0b90d65b2844 copied to sim folder
sim calculated successfully

a5370a03-816f-480c-b7f4-7528f10759c6
parent ce33e317-df32-496b-a7fc-0b90d65b2844 copied to sim folder
sim calculated successfully

c536eb05-c5c3-40d7-9137-a3ec59e4c425
parent ce33e317-df32-496b-a7fc-0b90d65b2844 copied to sim folder
sim calculated successfully

ad427a6c-2f4e-4427-bae4-e0af3c3b8229
parent ce33e317-df32-496b-a7fc-0b90d65b2844 copied to sim folder
sim calculated successfully

5803a4db-eff3-44fe-a6f5-5f4cf73acabf
parent ce33e317-df32-496b-a7fc-0b90d65b2844 copied to sim folder
sim calculated successfully

fe69fe95-2801-4938-9b87-ae2ea1b2ec62
sim calculated successfully

76dcff1f-2764-48ca-a32c-bfe2cef4a8ae
parent ce33e317-df32-496b-a7fc-0b90d65b2844 copied to sim folder
sim calculated successfully

afadbe2f-72ca-4b59-9aa8-78d2efe0cd77
parent ce33e317-df32-496b-a7fc-0b90d65b2844 copied to sim folder
sim calculated successfully

1cc3b4d0-6f26-4717-8db7-ae50739e12f4
parent ce33e317-df32-496b-a7fc-0b90d65b2844 copied to sim folder
sim calculated successfully

8fa5019a-0e6a-4ee8-961e-cf68af0c6312
parent ce33e317-df32-496b-a7fc-0b90d65b2844 copied to sim folder
sim calculated successfully

ec0fec1a-6226-424d-b471-aaf726fbc207
parent ce33e317-df32-496b-a7fc-0b90d65b2844 copied to sim folder
sim calculated successfully

518715c9-b040-46ab-9231-2daf7a6ce294
sim calculated successfully

d7632d08-31b2-47dd-9f15-9c39db488863
parent ce33e317-df32-496b-a7fc-0b90d65b2844 copied to sim folder
sim calculated successfully

6b96bffc-f793-4a11-830d-914e44c4e81f
parent ce33e317-df32-496b-a7fc-0b90d65b2844 copied to sim folder
sim calculated successfully

f9f12205-1ab0-4a35-9b30-14bd594b305c
sim calculated successfully

0b0f68b2-3e3e-419d-97f7-54ad99a36083
parent ce33e317-df32-496b-a7fc-0b90d65b2844 copied to sim folder
sim calculated successfully

6f283b3a-3d1b-4739-9a15-63e602d8a0b6
sim calculated successfully

2e235589-33e4-4abf-bba8-b8cdef30ea8a
parent ce33e317-df32-496b-a7fc-0b90d65b2844 copied to sim folder
sim calculated successfully

afec9481-ec77-4439-b6a2-5a35514f4482
parent ce33e317-df32-496b-a7fc-0b90d65b2844 copied to sim folder
sim calculated successfully

9a3995b8-18fd-462f-a073-cb7aee2bc0f8
sim calculated successfully

e017b5cf-bf29-437a-85b3-8912cb1aacc7
parent ce33e317-df32-496b-a7fc-0b90d65b2844 copied to sim folder
sim calculated successfully

1585c065-2520-46b7-bbdf-90ff3ae698be
sim calculated successfully

703a10b5-d2c7-4280-a795-629578825f97
parent ce33e317-df32-496b-a7fc-0b90d65b2844 copied to sim folder
sim calculated successfully

bc075de1-66f5-496e-b1d5-4aa86f7ba2ac
parent ce33e317-df32-496b-a7fc-0b90d65b2844 copied to sim folder
sim calculated successfully

9cf7ffe8-032e-486c-874d-013a8b2a6b10
parent ce33e317-df32-496b-a7fc-0b90d65b2844 copied to sim folder
sim calculated successfully

498758fd-0ed9-41ca-8369-a7fea585a03f
parent ce33e317-df32-496b-a7fc-0b90d65b2844 copied to sim folder
sim calculated successfully

38a2203d-ae1e-4e03-814a-8eff708f1e5c
parent ce33e317-df32-496b-a7fc-0b90d65b2844 copied to sim folder
sim calculated successfully

8b8ad1d4-aa42-4b44-aac4-e67b5009572a
parent ce33e317-df32-496b-a7fc-0b90d65b2844 copied to sim folder
sim calculated successfully

0c95d49f-c9b6-4ff6-a631-01535cc625ba
parent ce33e317-df32-496b-a7fc-0b90d65b2844 copied to sim folder
sim calculated successfully

6172cf36-3159-4cd9-ba20-ea2905703afc
parent ce33e317-df32-496b-a7fc-0b90d65b2844 copied to sim folder
sim calculated successfully

fd4ae28a-f335-437d-9f0c-a5b6ee89a186
parent ce33e317-df32-496b-a7fc-0b90d65b2844 copied to sim folder
sim calculated successfully

bd5bec16-c719-490e-80ac-2d5b360c773e
parent ce33e317-df32-496b-a7fc-0b90d65b2844 copied to sim folder
sim calculated successfully

640419c6-0f52-4e14-ae4f-a8d8f42d6c04
parent ce33e317-df32-496b-a7fc-0b90d65b2844 copied to sim folder
sim calculated successfully

721abcf2-973f-47e8-bc53-fe79e2dc520f
parent ce33e317-df32-496b-a7fc-0b90d65b2844 copied to sim folder
sim calculated successfully

46e396ab-996c-4f4b-98e1-b2572f056840
parent ce33e317-df32-496b-a7fc-0b90d65b2844 copied to sim folder
sim calculated successfully

6e6e8242-f800-41e7-95ec-e682fb5168b6
parent ce33e317-df32-496b-a7fc-0b90d65b2844 copied to sim folder
sim calculated successfully

e5a0d201-2ae3-4aae-9fe8-44f9da37910f
parent ce33e317-df32-496b-a7fc-0b90d65b2844 copied to sim folder
sim calculated successfully

cf8f4695-fb9e-4936-8169-b91cdd709e14
parent ce33e317-df32-496b-a7fc-0b90d65b2844 copied to sim folder
sim calculated successfully

f855f7a5-f378-4fd1-9f8c-f18b30ea0f84
parent ce33e317-df32-496b-a7fc-0b90d65b2844 copied to sim folder
sim calculated successfully

6ebb5845-ab04-453e-a1e9-8192fe5a2965
parent ce33e317-df32-496b-a7fc-0b90d65b2844 copied to sim folder
sim calculated successfully

7ed0253d-0b15-455b-861a-ced88d32c911
parent ce33e317-df32-496b-a7fc-0b90d65b2844 copied to sim folder
sim calculated successfully

84e5df81-4bf0-43e3-b574-bcc0ac0955ec
parent ce33e317-df32-496b-a7fc-0b90d65b2844 copied to sim folder
sim calculated successfully

7db9106e-4a6e-43f0-a91f-5386f3ad4011
parent ce33e317-df32-496b-a7fc-0b90d65b2844 copied to sim folder
sim calculated successfully

055f0c8b-d6ff-4a5c-a87a-338cfc438ac0
parent ce33e317-df32-496b-a7fc-0b90d65b2844 copied to sim folder
sim calculated successfully

6fd6b64e-990f-4523-ab09-dd6e33b7af9b
parent ce33e317-df32-496b-a7fc-0b90d65b2844 copied to sim folder
sim calculated successfully

50a35d1b-edf8-4585-b253-2b130b4f17da
parent ce33e317-df32-496b-a7fc-0b90d65b2844 copied to sim folder
sim calculated successfully

6925784b-0332-4abc-aa6f-40cf74bf031d
parent ce33e317-df32-496b-a7fc-0b90d65b2844 copied to sim folder
sim calculated successfully

c6631f6a-2496-45be-87ab-33ec804f4fb2
sim calculated successfully

1c80d57e-8837-4e0c-a231-2d8039e064e0
parent ce33e317-df32-496b-a7fc-0b90d65b2844 copied to sim folder
sim calculated successfully

4af87269-7f74-4395-b2f5-430e21f1e265
parent ce33e317-df32-496b-a7fc-0b90d65b2844 copied to sim folder
sim calculated successfully

d92281c7-f04e-4cdf-995e-8ce49eec480a
sim calculated successfully

995eb150-b098-4bd3-9d8f-c0c8e8cf9b24
sim calculated successfully

7d39c20d-0ce4-4a07-840f-bc233e4b6f06
parent ce33e317-df32-496b-a7fc-0b90d65b2844 copied to sim folder
sim calculated successfully

28c8ce8c-ab9b-49b8-901a-4d881f2725de
parent ce33e317-df32-496b-a7fc-0b90d65b2844 copied to sim folder
sim calculated successfully

299ff6c4-8179-45cb-bc63-2cdf4a31aabc
sim calculated successfully

b0322e4e-d96f-4e3f-ab0a-f479f34b2eb8
parent ce33e317-df32-496b-a7fc-0b90d65b2844 copied to sim folder
sim calculated successfully

662783f0-57ac-49b6-83b1-476094971d20
parent ce33e317-df32-496b-a7fc-0b90d65b2844 copied to sim folder
sim calculated successfully

93e5df96-b862-47e3-876a-e2f076305bd5
parent ce33e317-df32-496b-a7fc-0b90d65b2844 copied to sim folder
sim calculated successfully

3dafe688-3574-497e-9902-2647cee1857f
parent ce33e317-df32-496b-a7fc-0b90d65b2844 copied to sim folder
sim calculated successfully

d62fd09f-48d0-4d9a-ac88-abdad01bc496
parent ce33e317-df32-496b-a7fc-0b90d65b2844 copied to sim folder
sim calculated successfully

41d4ffd8-cb75-4728-9e7b-1d477bfd7c6d
parent ce33e317-df32-496b-a7fc-0b90d65b2844 copied to sim folder
sim calculated successfully

b2f73413-416f-4504-a4e4-5fcd7c934ebb
parent ce33e317-df32-496b-a7fc-0b90d65b2844 copied to sim folder
sim calculated successfully

7543f229-13f9-4076-ac44-7d62bc9575b2
parent ce33e317-df32-496b-a7fc-0b90d65b2844 copied to sim folder
sim calculated successfully

